This file contains any messages produced by compilers while
running configure, to aid debugging if configure makes a mistake.

It was created by redland configure 1.0.14, which was
generated by GNU Autoconf 2.69.  Invocation command line was

  $ ./configure 

## --------- ##
## Platform. ##
## --------- ##

hostname = frost.local
uname -m = x86_64
uname -r = 14.3.0
uname -s = Darwin
uname -v = Darwin Kernel Version 14.3.0: Mon Mar 23 11:59:05 PDT 2015; root:xnu-2782.20.48~5/RELEASE_X86_64

/usr/bin/uname -p = i386
/bin/uname -X     = unknown

/bin/arch              = unknown
/usr/bin/arch -k       = unknown
/usr/convex/getsysinfo = unknown
/usr/bin/hostinfo      = Mach kernel version:
	 Darwin Kernel Version 14.3.0: Mon Mar 23 11:59:05 PDT 2015; root:xnu-2782.20.48~5/RELEASE_X86_64
Kernel configured for up to 8 processors.
4 processors are physically available.
8 processors are logically available.
Processor type: x86_64h (Intel x86-64h Haswell)
Processors active: 0 1 2 3 4 5 6 7
Primary memory available: 16.00 gigabytes
Default processor set: 314 tasks, 1698 threads, 8 processors
Load average: 1.51, Mach factor: 6.48
/bin/machine           = unknown
/usr/bin/oslevel       = unknown
/bin/universe          = unknown

PATH: /opt/local/bin
PATH: /opt/local/sbin
PATH: /Users/jones/.rvm/gems/ruby-2.1.1/bin
PATH: /Users/jones/.rvm/gems/ruby-2.1.1@global/bin
PATH: /Users/jones/.rvm/rubies/ruby-2.1.1/bin
PATH: /Library/Java/JavaVirtualMachines/jdk1.7.0_60.jdk/Contents/Home/bin
PATH: /Library/Anaconda/bin
PATH: /usr/local/bin
PATH: /usr/bin
PATH: /bin
PATH: /usr/sbin
PATH: /sbin
PATH: /Library/anaconda/bin
PATH: /usr/local/sbin
PATH: /opt/local/bin
PATH: /opt/local/sbin
PATH: /opt/local/lib/postgresql84/bin/
PATH: /Users/jones/development/dataone/allsoftware/tools/docutils
PATH: /usr/texbin
PATH: /Users/jones/.rvm/bin


## ----------- ##
## Core tests. ##
## ----------- ##

configure:2252: checking for a BSD-compatible install
configure:2320: result: /opt/local/bin/ginstall -c
configure:2331: checking whether build environment is sane
configure:2386: result: yes
configure:2537: checking for a thread-safe mkdir -p
configure:2576: result: /opt/local/bin/gmkdir -p
configure:2583: checking for gawk
configure:2599: found /opt/local/bin/gawk
configure:2610: result: gawk
configure:2621: checking whether make sets $(MAKE)
configure:2643: result: yes
configure:2672: checking whether make supports nested variables
configure:2689: result: yes
configure:2817: checking whether to enable maintainer-specific portions of Makefiles
configure:2826: result: no
configure:2892: checking for gcc
configure:2908: found /usr/bin/gcc
configure:2919: result: gcc
configure:3148: checking for C compiler version
configure:3157: gcc --version >&5
Apple LLVM version 6.1.0 (clang-602.0.53) (based on LLVM 3.6.0svn)
Target: x86_64-apple-darwin14.3.0
Thread model: posix
Configured with: --prefix=/Applications/Xcode.app/Contents/Developer/usr --with-gxx-include-dir=/usr/include/c++/4.2.1
configure:3168: $? = 0
configure:3157: gcc -v >&5
Configured with: --prefix=/Applications/Xcode.app/Contents/Developer/usr --with-gxx-include-dir=/usr/include/c++/4.2.1
Apple LLVM version 6.1.0 (clang-602.0.53) (based on LLVM 3.6.0svn)
Target: x86_64-apple-darwin14.3.0
Thread model: posix
configure:3168: $? = 0
configure:3157: gcc -V >&5
clang: error: argument to '-V' is missing (expected 1 value)
clang: error: no input files
configure:3168: $? = 1
configure:3157: gcc -qversion >&5
clang: error: unknown argument: '-qversion'
clang: error: no input files
configure:3168: $? = 1
configure:3188: checking whether the C compiler works
configure:3210: gcc    conftest.c  >&5
configure:3214: $? = 0
configure:3262: result: yes
configure:3265: checking for C compiler default output file name
configure:3267: result: a.out
configure:3273: checking for suffix of executables
configure:3280: gcc -o conftest    conftest.c  >&5
configure:3284: $? = 0
configure:3306: result: 
configure:3328: checking whether we are cross compiling
configure:3336: gcc -o conftest    conftest.c  >&5
configure:3340: $? = 0
configure:3347: ./conftest
configure:3351: $? = 0
configure:3366: result: no
configure:3371: checking for suffix of object files
configure:3393: gcc -c   conftest.c >&5
configure:3397: $? = 0
configure:3418: result: o
configure:3422: checking whether we are using the GNU C compiler
configure:3441: gcc -c   conftest.c >&5
configure:3441: $? = 0
configure:3450: result: yes
configure:3459: checking whether gcc accepts -g
configure:3479: gcc -c -g  conftest.c >&5
configure:3479: $? = 0
configure:3520: result: yes
configure:3537: checking for gcc option to accept ISO C89
configure:3600: gcc  -c -g -O2  conftest.c >&5
configure:3600: $? = 0
configure:3613: result: none needed
configure:3638: checking whether gcc understands -c and -o together
configure:3660: gcc -c conftest.c -o conftest2.o
configure:3663: $? = 0
configure:3660: gcc -c conftest.c -o conftest2.o
configure:3663: $? = 0
configure:3675: result: yes
configure:3703: checking for style of include used by make
configure:3731: result: GNU
configure:3757: checking dependency style of gcc
configure:3868: result: none
configure:3888: checking for R
configure:3904: found /usr/bin/R
configure:3915: result: R
configure:3930: checking for pkg-config
configure:3946: found /opt/local/bin/pkg-config
configure:3957: result: pkg-config
configure:3970: checking for redland
configure:3977: result: 1.0.15
configure:3993: checking for raptor_parse in -lraptor2
configure:4018: gcc -o conftest -g -O2   conftest.c -lraptor2   >&5
ld: library not found for -lraptor2
clang: error: linker command failed with exit code 1 (use -v to see invocation)
configure:4018: $? = 1
configure: failed program was:
| /* confdefs.h */
| #define PACKAGE_NAME "redland"
| #define PACKAGE_TARNAME "redland"
| #define PACKAGE_VERSION "1.0.14"
| #define PACKAGE_STRING "redland 1.0.14"
| #define PACKAGE_BUGREPORT ""
| #define PACKAGE_URL ""
| #define PACKAGE "redland"
| #define VERSION "1.0.14"
| /* end confdefs.h.  */
| 
| /* Override any GCC internal prototype to avoid an error.
|    Use char because int might match the return type of a GCC
|    builtin and then its argument prototype would still apply.  */
| #ifdef __cplusplus
| extern "C"
| #endif
| char raptor_parse ();
| int
| main ()
| {
| return raptor_parse ();
|   ;
|   return 0;
| }
configure:4027: result: no
configure:4038: checking for rasqal_new_world in -lrasqal
configure:4063: gcc -o conftest -g -O2   conftest.c -lrasqal   >&5
ld: library not found for -lrasqal
clang: error: linker command failed with exit code 1 (use -v to see invocation)
configure:4063: $? = 1
configure: failed program was:
| /* confdefs.h */
| #define PACKAGE_NAME "redland"
| #define PACKAGE_TARNAME "redland"
| #define PACKAGE_VERSION "1.0.14"
| #define PACKAGE_STRING "redland 1.0.14"
| #define PACKAGE_BUGREPORT ""
| #define PACKAGE_URL ""
| #define PACKAGE "redland"
| #define VERSION "1.0.14"
| /* end confdefs.h.  */
| 
| /* Override any GCC internal prototype to avoid an error.
|    Use char because int might match the return type of a GCC
|    builtin and then its argument prototype would still apply.  */
| #ifdef __cplusplus
| extern "C"
| #endif
| char rasqal_new_world ();
| int
| main ()
| {
| return rasqal_new_world ();
|   ;
|   return 0;
| }
configure:4072: result: no
configure:4090: checking how to run the C preprocessor
configure:4121: gcc -E  conftest.c
configure:4121: $? = 0
configure:4135: gcc -E  conftest.c
conftest.c:11:10: fatal error: 'ac_nonexistent.h' file not found
#include <ac_nonexistent.h>
         ^
1 error generated.
configure:4135: $? = 1
configure: failed program was:
| /* confdefs.h */
| #define PACKAGE_NAME "redland"
| #define PACKAGE_TARNAME "redland"
| #define PACKAGE_VERSION "1.0.14"
| #define PACKAGE_STRING "redland 1.0.14"
| #define PACKAGE_BUGREPORT ""
| #define PACKAGE_URL ""
| #define PACKAGE "redland"
| #define VERSION "1.0.14"
| /* end confdefs.h.  */
| #include <ac_nonexistent.h>
configure:4160: result: gcc -E
configure:4180: gcc -E  conftest.c
configure:4180: $? = 0
configure:4194: gcc -E  conftest.c
conftest.c:11:10: fatal error: 'ac_nonexistent.h' file not found
#include <ac_nonexistent.h>
         ^
1 error generated.
configure:4194: $? = 1
configure: failed program was:
| /* confdefs.h */
| #define PACKAGE_NAME "redland"
| #define PACKAGE_TARNAME "redland"
| #define PACKAGE_VERSION "1.0.14"
| #define PACKAGE_STRING "redland 1.0.14"
| #define PACKAGE_BUGREPORT ""
| #define PACKAGE_URL ""
| #define PACKAGE "redland"
| #define VERSION "1.0.14"
| /* end confdefs.h.  */
| #include <ac_nonexistent.h>
configure:4223: checking for grep that handles long lines and -e
configure:4281: result: /usr/bin/grep
configure:4286: checking for egrep
configure:4348: result: /usr/bin/grep -E
configure:4353: checking for ANSI C header files
configure:4373: gcc -c -g -O2  conftest.c >&5
configure:4373: $? = 0
configure:4446: gcc -o conftest -g -O2   conftest.c  >&5
configure:4446: $? = 0
configure:4446: ./conftest
configure:4446: $? = 0
configure:4457: result: yes
configure:4470: checking for sys/types.h
configure:4470: gcc -c -g -O2  conftest.c >&5
configure:4470: $? = 0
configure:4470: result: yes
configure:4470: checking for sys/stat.h
configure:4470: gcc -c -g -O2  conftest.c >&5
configure:4470: $? = 0
configure:4470: result: yes
configure:4470: checking for stdlib.h
configure:4470: gcc -c -g -O2  conftest.c >&5
configure:4470: $? = 0
configure:4470: result: yes
configure:4470: checking for string.h
configure:4470: gcc -c -g -O2  conftest.c >&5
configure:4470: $? = 0
configure:4470: result: yes
configure:4470: checking for memory.h
configure:4470: gcc -c -g -O2  conftest.c >&5
configure:4470: $? = 0
configure:4470: result: yes
configure:4470: checking for strings.h
configure:4470: gcc -c -g -O2  conftest.c >&5
configure:4470: $? = 0
configure:4470: result: yes
configure:4470: checking for inttypes.h
configure:4470: gcc -c -g -O2  conftest.c >&5
configure:4470: $? = 0
configure:4470: result: yes
configure:4470: checking for stdint.h
configure:4470: gcc -c -g -O2  conftest.c >&5
configure:4470: $? = 0
configure:4470: result: yes
configure:4470: checking for unistd.h
configure:4470: gcc -c -g -O2  conftest.c >&5
configure:4470: $? = 0
configure:4470: result: yes
configure:4485: checking limits.h usability
configure:4485: gcc -c -g -O2  conftest.c >&5
configure:4485: $? = 0
configure:4485: result: yes
configure:4485: checking limits.h presence
configure:4485: gcc -E  conftest.c
configure:4485: $? = 0
configure:4485: result: yes
configure:4485: checking for limits.h
configure:4485: result: yes
configure:4485: checking for stdlib.h
configure:4485: result: yes
configure:4485: checking for string.h
configure:4485: result: yes
configure:4497: checking for size_t
configure:4497: gcc -c -g -O2  conftest.c >&5
configure:4497: $? = 0
configure:4497: gcc -c -g -O2  conftest.c >&5
conftest.c:60:21: error: expected expression
if (sizeof ((size_t)))
                    ^
1 error generated.
configure:4497: $? = 1
configure: failed program was:
| /* confdefs.h */
| #define PACKAGE_NAME "redland"
| #define PACKAGE_TARNAME "redland"
| #define PACKAGE_VERSION "1.0.14"
| #define PACKAGE_STRING "redland 1.0.14"
| #define PACKAGE_BUGREPORT ""
| #define PACKAGE_URL ""
| #define PACKAGE "redland"
| #define VERSION "1.0.14"
| #define STDC_HEADERS 1
| #define HAVE_SYS_TYPES_H 1
| #define HAVE_SYS_STAT_H 1
| #define HAVE_STDLIB_H 1
| #define HAVE_STRING_H 1
| #define HAVE_MEMORY_H 1
| #define HAVE_STRINGS_H 1
| #define HAVE_INTTYPES_H 1
| #define HAVE_STDINT_H 1
| #define HAVE_UNISTD_H 1
| #define HAVE_LIMITS_H 1
| #define HAVE_STDLIB_H 1
| #define HAVE_STRING_H 1
| /* end confdefs.h.  */
| #include <stdio.h>
| #ifdef HAVE_SYS_TYPES_H
| # include <sys/types.h>
| #endif
| #ifdef HAVE_SYS_STAT_H
| # include <sys/stat.h>
| #endif
| #ifdef STDC_HEADERS
| # include <stdlib.h>
| # include <stddef.h>
| #else
| # ifdef HAVE_STDLIB_H
| #  include <stdlib.h>
| # endif
| #endif
| #ifdef HAVE_STRING_H
| # if !defined STDC_HEADERS && defined HAVE_MEMORY_H
| #  include <memory.h>
| # endif
| # include <string.h>
| #endif
| #ifdef HAVE_STRINGS_H
| # include <strings.h>
| #endif
| #ifdef HAVE_INTTYPES_H
| # include <inttypes.h>
| #endif
| #ifdef HAVE_STDINT_H
| # include <stdint.h>
| #endif
| #ifdef HAVE_UNISTD_H
| # include <unistd.h>
| #endif
| int
| main ()
| {
| if (sizeof ((size_t)))
| 	    return 0;
|   ;
|   return 0;
| }
configure:4497: result: yes
configure:4512: checking for stdlib.h
configure:4512: result: yes
configure:4522: checking for GNU libc compatible malloc
configure:4546: gcc -o conftest -g -O2   conftest.c  >&5
configure:4546: $? = 0
configure:4546: ./conftest
configure:4546: $? = 0
configure:4556: result: yes
configure:4579: checking for memset
configure:4579: gcc -o conftest -g -O2   conftest.c  >&5
conftest.c:49:6: warning: incompatible redeclaration of library function 'memset' [-Wincompatible-library-redeclaration]
char memset ();
     ^
conftest.c:49:6: note: 'memset' is a builtin with type 'void *(void *, int, unsigned long)'
1 warning generated.
configure:4579: $? = 0
configure:4579: result: yes
configure:4749: checking that generated files are newer than configure
configure:4755: result: done
configure:4782: creating ./config.status

## ---------------------- ##
## Running config.status. ##
## ---------------------- ##

This file was extended by redland config.status 1.0.14, which was
generated by GNU Autoconf 2.69.  Invocation command line was

  CONFIG_FILES    = 
  CONFIG_HEADERS  = 
  CONFIG_LINKS    = 
  CONFIG_COMMANDS = 
  $ ./config.status 

on frost.local

config.status:786: creating Makefile
config.status:958: executing depfiles commands

## ---------------- ##
## Cache variables. ##
## ---------------- ##

ac_cv_c_compiler_gnu=yes
ac_cv_env_CC_set=
ac_cv_env_CC_value=
ac_cv_env_CFLAGS_set=
ac_cv_env_CFLAGS_value=
ac_cv_env_CPPFLAGS_set=
ac_cv_env_CPPFLAGS_value=
ac_cv_env_CPP_set=
ac_cv_env_CPP_value=
ac_cv_env_LDFLAGS_set=
ac_cv_env_LDFLAGS_value=
ac_cv_env_LIBS_set=
ac_cv_env_LIBS_value=
ac_cv_env_build_alias_set=
ac_cv_env_build_alias_value=
ac_cv_env_host_alias_set=
ac_cv_env_host_alias_value=
ac_cv_env_target_alias_set=
ac_cv_env_target_alias_value=
ac_cv_func_malloc_0_nonnull=yes
ac_cv_func_memset=yes
ac_cv_header_inttypes_h=yes
ac_cv_header_limits_h=yes
ac_cv_header_memory_h=yes
ac_cv_header_stdc=yes
ac_cv_header_stdint_h=yes
ac_cv_header_stdlib_h=yes
ac_cv_header_string_h=yes
ac_cv_header_strings_h=yes
ac_cv_header_sys_stat_h=yes
ac_cv_header_sys_types_h=yes
ac_cv_header_unistd_h=yes
ac_cv_lib_raptor2_raptor_parse=no
ac_cv_lib_rasqal_rasqal_new_world=no
ac_cv_objext=o
ac_cv_path_EGREP='/usr/bin/grep -E'
ac_cv_path_GREP=/usr/bin/grep
ac_cv_path_install='/opt/local/bin/ginstall -c'
ac_cv_path_mkdir=/opt/local/bin/gmkdir
ac_cv_prog_AWK=gawk
ac_cv_prog_CPP='gcc -E'
ac_cv_prog_PKG_CONFIG=pkg-config
ac_cv_prog_R=R
ac_cv_prog_ac_ct_CC=gcc
ac_cv_prog_cc_c89=
ac_cv_prog_cc_g=yes
ac_cv_prog_make_make_set=yes
ac_cv_type_size_t=yes
am_cv_CC_dependencies_compiler_type=none
am_cv_make_support_nested_variables=yes
am_cv_prog_cc_c_o=yes

## ----------------- ##
## Output variables. ##
## ----------------- ##

ACLOCAL='${SHELL} /Users/jones/development/redland-bindings/R/redland/inst/missing aclocal-1.15'
AMDEPBACKSLASH='\'
AMDEP_FALSE='#'
AMDEP_TRUE=''
AMTAR='$${TAR-tar}'
AM_BACKSLASH='\'
AM_DEFAULT_V='$(AM_DEFAULT_VERBOSITY)'
AM_DEFAULT_VERBOSITY='1'
AM_V='$(V)'
AUTOCONF='${SHELL} /Users/jones/development/redland-bindings/R/redland/inst/missing autoconf'
AUTOHEADER='${SHELL} /Users/jones/development/redland-bindings/R/redland/inst/missing autoheader'
AUTOMAKE='${SHELL} /Users/jones/development/redland-bindings/R/redland/inst/missing automake-1.15'
AWK='gawk'
CC='gcc'
CCDEPMODE='depmode=none'
CFLAGS='-g -O2'
CPP='gcc -E'
CPPFLAGS=''
CYGPATH_W='echo'
DEFS='-DPACKAGE_NAME=\"redland\" -DPACKAGE_TARNAME=\"redland\" -DPACKAGE_VERSION=\"1.0.14\" -DPACKAGE_STRING=\"redland\ 1.0.14\" -DPACKAGE_BUGREPORT=\"\" -DPACKAGE_URL=\"\" -DPACKAGE=\"redland\" -DVERSION=\"1.0.14\" -DSTDC_HEADERS=1 -DHAVE_SYS_TYPES_H=1 -DHAVE_SYS_STAT_H=1 -DHAVE_STDLIB_H=1 -DHAVE_STRING_H=1 -DHAVE_MEMORY_H=1 -DHAVE_STRINGS_H=1 -DHAVE_INTTYPES_H=1 -DHAVE_STDINT_H=1 -DHAVE_UNISTD_H=1 -DHAVE_LIMITS_H=1 -DHAVE_STDLIB_H=1 -DHAVE_STRING_H=1 -DHAVE_STDLIB_H=1 -DHAVE_MALLOC=1 -DHAVE_MEMSET=1'
DEPDIR='.deps'
ECHO_C='\c'
ECHO_N=''
ECHO_T=''
EGREP='/usr/bin/grep -E'
EXEEXT=''
GREP='/usr/bin/grep'
INSTALL_DATA='${INSTALL} -m 644'
INSTALL_PROGRAM='${INSTALL}'
INSTALL_SCRIPT='${INSTALL}'
INSTALL_STRIP_PROGRAM='$(install_sh) -c -s'
LDFLAGS=''
LIBOBJS=''
LIBRDF_CPPFLAGS=' -I/opt/local/include -I/opt/local/include/rasqal -I/opt/local/include/raptor2 '
LIBRDF_LDFLAGS=' -L/opt/local/lib -lrdf '
LIBS=''
LTLIBOBJS=''
MAINT='#'
MAINTAINER_MODE_FALSE=''
MAINTAINER_MODE_TRUE='#'
MAKEINFO='${SHELL} /Users/jones/development/redland-bindings/R/redland/inst/missing makeinfo'
MKDIR_P='/opt/local/bin/gmkdir -p'
OBJEXT='o'
PACKAGE='redland'
PACKAGE_BUGREPORT=''
PACKAGE_NAME='redland'
PACKAGE_STRING='redland 1.0.14'
PACKAGE_TARNAME='redland'
PACKAGE_URL=''
PACKAGE_VERSION='1.0.14'
PATH_SEPARATOR=':'
PKG_CONFIG='pkg-config'
R='R'
RAPTOR_LDFLAGS='-L/opt/local/lib -lraptor2 '
RASQAL_LDFLAGS='-L/opt/local/lib -lrasqal -lraptor2 '
SET_MAKE=''
SHELL='/bin/sh'
STRIP=''
VERSION='1.0.14'
ac_ct_CC='gcc'
am__EXEEXT_FALSE=''
am__EXEEXT_TRUE='#'
am__fastdepCC_FALSE=''
am__fastdepCC_TRUE='#'
am__include='include'
am__isrc=''
am__leading_dot='.'
am__nodep='_no'
am__quote=''
am__tar='$${TAR-tar} chof - "$$tardir"'
am__untar='$${TAR-tar} xf -'
bindir='${exec_prefix}/bin'
build_alias=''
datadir='${datarootdir}'
datarootdir='${prefix}/share'
docdir='${datarootdir}/doc/${PACKAGE_TARNAME}'
dvidir='${docdir}'
exec_prefix='${prefix}'
host_alias=''
htmldir='${docdir}'
includedir='${prefix}/include'
infodir='${datarootdir}/info'
install_sh='${SHELL} /Users/jones/development/redland-bindings/R/redland/inst/install-sh'
libdir='${exec_prefix}/lib'
libexecdir='${exec_prefix}/libexec'
localedir='${datarootdir}/locale'
localstatedir='${prefix}/var'
mandir='${datarootdir}/man'
mkdir_p='$(MKDIR_P)'
oldincludedir='/usr/include'
pdfdir='${docdir}'
prefix='/usr/local'
program_transform_name='s,x,x,'
psdir='${docdir}'
sbindir='${exec_prefix}/sbin'
sharedstatedir='${prefix}/com'
sysconfdir='${prefix}/etc'
target_alias=''

## ----------- ##
## confdefs.h. ##
## ----------- ##

/* confdefs.h */
#define PACKAGE_NAME "redland"
#define PACKAGE_TARNAME "redland"
#define PACKAGE_VERSION "1.0.14"
#define PACKAGE_STRING "redland 1.0.14"
#define PACKAGE_BUGREPORT ""
#define PACKAGE_URL ""
#define PACKAGE "redland"
#define VERSION "1.0.14"
#define STDC_HEADERS 1
#define HAVE_SYS_TYPES_H 1
#define HAVE_SYS_STAT_H 1
#define HAVE_STDLIB_H 1
#define HAVE_STRING_H 1
#define HAVE_MEMORY_H 1
#define HAVE_STRINGS_H 1
#define HAVE_INTTYPES_H 1
#define HAVE_STDINT_H 1
#define HAVE_UNISTD_H 1
#define HAVE_LIMITS_H 1
#define HAVE_STDLIB_H 1
#define HAVE_STRING_H 1
#define HAVE_STDLIB_H 1
#define HAVE_MALLOC 1
#define HAVE_MEMSET 1

configure: exit 0
